<?xml version="1.0" encoding="UTF-8"?>
<robot generator="Robot 3.1 (Python 3.6.4 on win32)" generated="20190104 16:10:44.486" rpa="false">
<suite id="s1" name="RF Test" source="D:\eclipse-workspace\RF_Test">
<suite id="s1-s1" name="测试用例集" source="D:\eclipse-workspace\RF_Test\测试用例集">
<suite id="s1-s1-s1" name="标准库引入" source="D:\eclipse-workspace\RF_Test\测试用例集\标准库引入.robot">
<test id="s1-s1-s1-t1" name="case5 setVariable">
<kw name="Set Variable" library="BuiltIn">
<doc>Returns the given values which can then be assigned to a variables.</doc>
<arguments>
<arg>Manchester United</arg>
</arguments>
<assign>
<var>${Team}</var>
</assign>
<msg timestamp="20190104 16:10:44.557" level="INFO">${Team} = Manchester United</msg>
<status status="PASS" starttime="20190104 16:10:44.557" endtime="20190104 16:10:44.557"></status>
</kw>
<kw name="Log" library="BuiltIn">
<doc>Logs the given message with the given level.</doc>
<arguments>
<arg>${Team}</arg>
</arguments>
<msg timestamp="20190104 16:10:44.558" level="INFO">Manchester United</msg>
<status status="PASS" starttime="20190104 16:10:44.558" endtime="20190104 16:10:44.559"></status>
</kw>
<status status="PASS" starttime="20190104 16:10:44.555" endtime="20190104 16:10:44.559" critical="yes"></status>
</test>
<status status="PASS" starttime="20190104 16:10:44.541" endtime="20190104 16:10:44.559"></status>
</suite>
<status status="PASS" starttime="20190104 16:10:44.538" endtime="20190104 16:10:44.561"></status>
</suite>
<status status="PASS" starttime="20190104 16:10:44.515" endtime="20190104 16:10:44.562"></status>
</suite>
<statistics>
<total>
<stat pass="1" fail="0">Critical Tests</stat>
<stat pass="1" fail="0">All Tests</stat>
</total>
<tag>
</tag>
<suite>
<stat pass="1" fail="0" id="s1" name="RF Test">RF Test</stat>
<stat pass="1" fail="0" id="s1-s1" name="测试用例集">RF Test.测试用例集</stat>
<stat pass="1" fail="0" id="s1-s1-s1" name="标准库引入">RF Test.测试用例集.标准库引入</stat>
</suite>
</statistics>
<errors>
</errors>
</robot>
