<?xml version="1.0" encoding="UTF-8"?>
<robot generator="Robot 3.1 (Python 3.6.7 on win32)" generated="20190103 23:39:26.532" rpa="false">
<suite id="s1" name="RF test" source="D:\eclipse-workspace\RF_test">
<suite id="s1-s1" name="测试用例集" source="D:\eclipse-workspace\RF_test\测试用例集">
<suite id="s1-s1-s1" name="标准库引入" source="D:\eclipse-workspace\RF_test\测试用例集\标准库引入.robot">
<test id="s1-s1-s1-t1" name="case1_print">
<kw name="Log" library="BuiltIn">
<doc>Logs the given message with the given level.</doc>
<arguments>
<arg>hello world</arg>
</arguments>
<msg timestamp="20190103 23:39:26.605" level="INFO">hello world</msg>
<status status="PASS" starttime="20190103 23:39:26.604" endtime="20190103 23:39:26.605"></status>
</kw>
<status status="PASS" starttime="20190103 23:39:26.602" endtime="20190103 23:39:26.606" critical="yes"></status>
</test>
<status status="PASS" starttime="20190103 23:39:26.598" endtime="20190103 23:39:26.607"></status>
</suite>
<status status="PASS" starttime="20190103 23:39:26.595" endtime="20190103 23:39:26.610"></status>
</suite>
<status status="PASS" starttime="20190103 23:39:26.569" endtime="20190103 23:39:26.612"></status>
</suite>
<statistics>
<total>
<stat pass="1" fail="0">Critical Tests</stat>
<stat pass="1" fail="0">All Tests</stat>
</total>
<tag>
</tag>
<suite>
<stat pass="1" fail="0" id="s1" name="RF test">RF test</stat>
<stat pass="1" fail="0" id="s1-s1" name="测试用例集">RF test.测试用例集</stat>
<stat pass="1" fail="0" id="s1-s1-s1" name="标准库引入">RF test.测试用例集.标准库引入</stat>
</suite>
</statistics>
<errors>
</errors>
</robot>
